2021-08-11 19:35:29,371 INFO scheduler Scheduled Job Start: frappe.social.doctype.energy_point_log.energy_point_log.send_monthly_summary for site1.local
2021-08-11 19:35:29,381 INFO scheduler Scheduled Job Start: frappe.integrations.doctype.s3_backup_settings.s3_backup_settings.take_backups_monthly for site1.local
2021-08-11 19:35:31,052 INFO scheduler Scheduled Job Complete: frappe.social.doctype.energy_point_log.energy_point_log.send_monthly_summary for site1.local
2021-08-11 19:35:31,265 INFO scheduler Scheduled Job Start: frappe.email.doctype.auto_email_report.auto_email_report.send_monthly for site1.local
2021-08-11 19:35:31,312 INFO scheduler Scheduled Job Complete: frappe.integrations.doctype.s3_backup_settings.s3_backup_settings.take_backups_monthly for site1.local
2021-08-11 19:35:31,499 INFO scheduler Scheduled Job Start: frappe.integrations.doctype.google_drive.google_drive.weekly_backup for site1.local
2021-08-11 19:35:31,607 DEBUG scheduler Queued events for site site1.local
2021-08-11 19:35:32,586 INFO scheduler Scheduled Job Complete: frappe.integrations.doctype.google_drive.google_drive.weekly_backup for site1.local
2021-08-11 19:35:32,793 INFO scheduler Scheduled Job Start: frappe.social.doctype.energy_point_log.energy_point_log.send_weekly_summary for site1.local
2021-08-11 19:35:33,570 INFO scheduler Scheduled Job Complete: frappe.social.doctype.energy_point_log.energy_point_log.send_weekly_summary for site1.local
2021-08-11 19:35:33,746 INFO scheduler Scheduled Job Start: frappe.desk.form.document_follow.send_weekly_updates for site1.local
2021-08-11 19:35:34,639 INFO scheduler Scheduled Job Complete: frappe.desk.form.document_follow.send_weekly_updates for site1.local
2021-08-11 19:35:34,842 INFO scheduler Scheduled Job Start: frappe.desk.doctype.route_history.route_history.flush_old_route_records for site1.local
2021-08-11 19:35:35,702 INFO scheduler Scheduled Job Complete: frappe.desk.doctype.route_history.route_history.flush_old_route_records for site1.local
2021-08-11 19:35:36,056 INFO scheduler Scheduled Job Start: frappe.integrations.doctype.s3_backup_settings.s3_backup_settings.take_backups_weekly for site1.local
2021-08-11 19:35:37,073 INFO scheduler Scheduled Job Complete: frappe.integrations.doctype.s3_backup_settings.s3_backup_settings.take_backups_weekly for site1.local
2021-08-11 19:35:37,242 INFO scheduler Scheduled Job Start: frappe.integrations.doctype.dropbox_settings.dropbox_settings.take_backups_weekly for site1.local
2021-08-11 19:35:38,130 INFO scheduler Scheduled Job Complete: frappe.integrations.doctype.dropbox_settings.dropbox_settings.take_backups_weekly for site1.local
2021-08-11 19:35:38,272 INFO scheduler Scheduled Job Start: frappe.integrations.doctype.google_drive.google_drive.daily_backup for site1.local
2021-08-11 19:35:39,168 INFO scheduler Scheduled Job Complete: frappe.integrations.doctype.google_drive.google_drive.daily_backup for site1.local
2021-08-11 19:35:39,360 INFO scheduler Scheduled Job Start: frappe.integrations.doctype.s3_backup_settings.s3_backup_settings.take_backups_daily for site1.local
2021-08-11 19:35:40,147 INFO scheduler Scheduled Job Complete: frappe.integrations.doctype.s3_backup_settings.s3_backup_settings.take_backups_daily for site1.local
2021-08-11 19:35:40,290 INFO scheduler Scheduled Job Start: frappe.utils.change_log.check_for_update for site1.local
2021-08-11 19:35:41,263 INFO scheduler Scheduled Job Start: frappe.integrations.doctype.dropbox_settings.dropbox_settings.take_backups_daily for site1.local
2021-08-11 19:35:42,208 INFO scheduler Scheduled Job Complete: frappe.integrations.doctype.dropbox_settings.dropbox_settings.take_backups_daily for site1.local
2021-08-11 19:35:48,267 INFO scheduler Scheduled Job Complete: frappe.email.doctype.auto_email_report.auto_email_report.send_monthly for site1.local
2021-08-11 19:35:48,449 INFO scheduler Scheduled Job Start: frappe.core.doctype.log_settings.log_settings.run_log_clean_up for site1.local
2021-08-11 19:35:49,109 INFO scheduler Scheduled Job Complete: frappe.core.doctype.log_settings.log_settings.run_log_clean_up for site1.local
2021-08-11 19:35:49,277 INFO scheduler Scheduled Job Start: frappe.core.doctype.prepared_report.prepared_report.delete_expired_prepared_reports for site1.local
2021-08-11 19:35:49,924 INFO scheduler Scheduled Job Complete: frappe.core.doctype.prepared_report.prepared_report.delete_expired_prepared_reports for site1.local
2021-08-11 19:35:50,065 INFO scheduler Scheduled Job Start: frappe.email.doctype.unhandled_email.unhandled_email.remove_old_unhandled_emails for site1.local
2021-08-11 19:35:50,641 INFO scheduler Scheduled Job Complete: frappe.email.doctype.unhandled_email.unhandled_email.remove_old_unhandled_emails for site1.local
2021-08-11 19:35:50,798 INFO scheduler Scheduled Job Start: frappe.automation.doctype.auto_repeat.auto_repeat.set_auto_repeat_as_completed for site1.local
2021-08-11 19:35:52,024 INFO scheduler Scheduled Job Complete: frappe.automation.doctype.auto_repeat.auto_repeat.set_auto_repeat_as_completed for site1.local
2021-08-11 19:35:52,227 INFO scheduler Scheduled Job Start: frappe.automation.doctype.auto_repeat.auto_repeat.make_auto_repeat_entry for site1.local
2021-08-11 19:35:53,037 INFO scheduler Scheduled Job Complete: frappe.automation.doctype.auto_repeat.auto_repeat.make_auto_repeat_entry for site1.local
2021-08-11 19:35:53,182 INFO scheduler Scheduled Job Start: frappe.integrations.doctype.google_contacts.google_contacts.sync for site1.local
2021-08-11 19:35:54,098 INFO scheduler Scheduled Job Complete: frappe.integrations.doctype.google_contacts.google_contacts.sync for site1.local
2021-08-11 19:35:54,255 INFO scheduler Scheduled Job Start: frappe.social.doctype.energy_point_settings.energy_point_settings.allocate_review_points for site1.local
2021-08-11 19:35:55,138 INFO scheduler Scheduled Job Complete: frappe.social.doctype.energy_point_settings.energy_point_settings.allocate_review_points for site1.local
2021-08-11 19:35:55,471 INFO scheduler Scheduled Job Start: frappe.desk.form.document_follow.send_daily_updates for site1.local
2021-08-11 19:35:56,254 INFO scheduler Scheduled Job Complete: frappe.desk.form.document_follow.send_daily_updates for site1.local
2021-08-11 19:35:56,434 INFO scheduler Scheduled Job Start: frappe.website.doctype.personal_data_deletion_request.personal_data_deletion_request.remove_unverified_record for site1.local
2021-08-11 19:35:57,298 INFO scheduler Scheduled Job Complete: frappe.website.doctype.personal_data_deletion_request.personal_data_deletion_request.remove_unverified_record for site1.local
2021-08-11 19:35:57,521 INFO scheduler Scheduled Job Start: frappe.email.doctype.auto_email_report.auto_email_report.send_daily for site1.local
2021-08-11 19:35:59,282 INFO scheduler Scheduled Job Complete: frappe.email.doctype.auto_email_report.auto_email_report.send_daily for site1.local
2021-08-11 19:35:59,498 INFO scheduler Scheduled Job Start: frappe.utils.scheduler.restrict_scheduler_events_if_dormant for site1.local
2021-08-11 19:36:00,744 INFO scheduler Scheduled Job Failed: frappe.utils.scheduler.restrict_scheduler_events_if_dormant for site1.local
2021-08-11 19:36:01,050 INFO scheduler Scheduled Job Start: frappe.email.doctype.notification.notification.trigger_daily_alerts for site1.local
2021-08-11 19:36:01,744 INFO scheduler Scheduled Job Complete: frappe.email.doctype.notification.notification.trigger_daily_alerts for site1.local
2021-08-11 19:36:01,977 INFO scheduler Scheduled Job Start: frappe.sessions.clear_expired_sessions for site1.local
2021-08-11 19:36:02,806 INFO scheduler Scheduled Job Complete: frappe.sessions.clear_expired_sessions for site1.local
2021-08-11 19:36:03,026 INFO scheduler Scheduled Job Start: frappe.desk.doctype.event.event.send_event_digest for site1.local
2021-08-11 19:36:03,567 INFO scheduler Scheduled Job Complete: frappe.desk.doctype.event.event.send_event_digest for site1.local
2021-08-11 19:36:03,725 INFO scheduler Scheduled Job Start: frappe.core.doctype.error_log.error_log.set_old_logs_as_seen for site1.local
2021-08-11 19:36:04,267 INFO scheduler Scheduled Job Complete: frappe.core.doctype.error_log.error_log.set_old_logs_as_seen for site1.local
2021-08-11 19:36:04,491 INFO scheduler Scheduled Job Start: frappe.desk.notifications.clear_notifications for site1.local
2021-08-11 19:36:05,048 INFO scheduler Scheduled Job Complete: frappe.desk.notifications.clear_notifications for site1.local
2021-08-11 19:36:05,202 INFO scheduler Scheduled Job Start: frappe.email.queue.set_expiry_for_email_queue for site1.local
2021-08-11 19:36:05,708 INFO scheduler Scheduled Job Complete: frappe.email.queue.set_expiry_for_email_queue for site1.local
2021-08-11 19:36:05,875 INFO scheduler Scheduled Job Start: frappe.email.doctype.newsletter.newsletter.send_scheduled_email for site1.local
2021-08-11 19:36:06,605 INFO scheduler Scheduled Job Complete: frappe.email.doctype.newsletter.newsletter.send_scheduled_email for site1.local
2021-08-11 19:36:06,761 INFO scheduler Scheduled Job Start: frappe.integrations.doctype.google_calendar.google_calendar.sync for site1.local
2021-08-11 19:36:07,607 INFO scheduler Scheduled Job Complete: frappe.integrations.doctype.google_calendar.google_calendar.sync for site1.local
2021-08-11 19:36:07,778 INFO scheduler Scheduled Job Start: frappe.desk.form.document_follow.send_hourly_updates for site1.local
2021-08-11 19:36:08,279 INFO scheduler Scheduled Job Complete: frappe.desk.form.document_follow.send_hourly_updates for site1.local
2021-08-11 19:36:08,451 INFO scheduler Scheduled Job Start: frappe.deferred_insert.save_to_db for site1.local
2021-08-11 19:36:09,238 INFO scheduler Scheduled Job Complete: frappe.deferred_insert.save_to_db for site1.local
2021-08-11 19:36:09,392 INFO scheduler Scheduled Job Start: frappe.desk.page.backups.backups.delete_downloadable_backups for site1.local
2021-08-11 19:36:10,197 INFO scheduler Scheduled Job Complete: frappe.desk.page.backups.backups.delete_downloadable_backups for site1.local
2021-08-11 19:36:10,393 INFO scheduler Scheduled Job Start: frappe.utils.error.collect_error_snapshots for site1.local
2021-08-11 19:36:11,291 INFO scheduler Scheduled Job Complete: frappe.utils.error.collect_error_snapshots for site1.local
2021-08-11 19:36:11,427 INFO scheduler Scheduled Job Start: frappe.model.utils.user_settings.sync_user_settings for site1.local
2021-08-11 19:36:11,919 INFO scheduler Scheduled Job Complete: frappe.model.utils.user_settings.sync_user_settings for site1.local
2021-08-11 19:36:12,072 INFO scheduler Scheduled Job Start: frappe.model.utils.link_count.update_link_count for site1.local
2021-08-11 19:36:12,582 INFO scheduler Scheduled Job Complete: frappe.model.utils.link_count.update_link_count for site1.local
2021-08-11 19:36:12,725 INFO scheduler Scheduled Job Start: frappe.monitor.flush for site1.local
2021-08-11 19:36:13,063 INFO scheduler Scheduled Job Complete: frappe.monitor.flush for site1.local
2021-08-11 19:36:13,270 INFO scheduler Scheduled Job Start: frappe.utils.global_search.sync_global_search for site1.local
2021-08-11 19:36:13,717 INFO scheduler Scheduled Job Complete: frappe.utils.global_search.sync_global_search for site1.local
2021-08-11 19:36:13,897 INFO scheduler Scheduled Job Start: frappe.integrations.doctype.razorpay_settings.razorpay_settings.capture_payment for site1.local
2021-08-11 19:36:14,661 INFO scheduler Scheduled Job Complete: frappe.integrations.doctype.razorpay_settings.razorpay_settings.capture_payment for site1.local
2021-08-11 19:36:14,825 INFO scheduler Scheduled Job Start: frappe.email.doctype.email_account.email_account.notify_unreplied for site1.local
2021-08-11 19:36:15,341 INFO scheduler Scheduled Job Complete: frappe.email.doctype.email_account.email_account.notify_unreplied for site1.local
2021-08-11 19:36:15,524 INFO scheduler Scheduled Job Start: frappe.email.doctype.email_account.email_account.pull for site1.local
2021-08-11 19:36:16,004 INFO scheduler Scheduled Job Complete: frappe.email.doctype.email_account.email_account.pull for site1.local
2021-08-11 19:36:16,171 INFO scheduler Scheduled Job Start: frappe.email.queue.flush for site1.local
2021-08-11 19:36:16,647 INFO scheduler Scheduled Job Complete: frappe.email.queue.flush for site1.local
2021-08-11 19:36:16,806 INFO scheduler Scheduled Job Start: frappe.twofactor.delete_all_barcodes_for_users for site1.local
2021-08-11 19:36:17,551 INFO scheduler Scheduled Job Complete: frappe.twofactor.delete_all_barcodes_for_users for site1.local
2021-08-11 19:36:17,817 INFO scheduler Scheduled Job Start: frappe.website.doctype.web_page.web_page.check_publish_status for site1.local
2021-08-11 19:36:18,595 INFO scheduler Scheduled Job Complete: frappe.website.doctype.web_page.web_page.check_publish_status for site1.local
2021-08-11 19:36:18,749 INFO scheduler Scheduled Job Start: frappe.oauth.delete_oauth2_data for site1.local
2021-08-11 19:36:19,420 INFO scheduler Scheduled Job Complete: frappe.oauth.delete_oauth2_data for site1.local
2021-08-11 19:36:32,042 DEBUG scheduler Queued events for site site1.local
